Watching for file changes with StatReloader
System check identified some issues:

WARNINGS:
?: (staticfiles.W004) The directory '/Users/biledimitrova/PycharmProjects/HealthyFoodShop/HealthyFoodShop/img' in the STATICFILES_DIRS setting does not exist.

System check identified 1 issue (0 silenced).
Not Found: /
[20/Sep/2024 12:50:45] "GET / HTTP/1.1" 404 2447
[20/Sep/2024 12:50:51] "GET /index/ HTTP/1.1" 200 4829
[20/Sep/2024 12:50:51] "GET /data/blog-3.jpg HTTP/1.1" 200 46502
[20/Sep/2024 12:50:51] "GET /data/banner.jpg HTTP/1.1" 200 97510
[20/Sep/2024 12:52:34] "GET /index/ HTTP/1.1" 200 4829
[20/Sep/2024 12:52:36] "GET /index/ HTTP/1.1" 200 4829
Watching for file changes with StatReloader
System check identified some issues:

WARNINGS:
?: (staticfiles.W004) The directory '/Users/biledimitrova/PycharmProjects/HealthyFoodShop/HealthyFoodShop/img' in the STATICFILES_DIRS setting does not exist.

System check identified 1 issue (0 silenced).
Not Found: /__/fonts/FiraCode-VF.woff2
[20/Sep/2024 12:54:31] "GET /__/fonts/FiraCode-VF.woff2 HTTP/1.1" 404 2543
[20/Sep/2024 12:54:41] "GET /index/ HTTP/1.1" 200 4829
[20/Sep/2024 12:54:42] "GET /data/blog-1.jpg HTTP/1.1" 200 27367
[20/Sep/2024 12:54:42] "GET /data/blog-2.jpg HTTP/1.1" 200 46354
[20/Sep/2024 12:54:42] "GET /data/blog-3.jpg HTTP/1.1" 200 46502
Not Found: /
[20/Sep/2024 13:08:33] "GET / HTTP/1.1" 404 2447
Not Found: /
[20/Sep/2024 13:08:34] "GET / HTTP/1.1" 404 2447
Not Found: /
[20/Sep/2024 13:08:34] "GET / HTTP/1.1" 404 2447
Not Found: /
[20/Sep/2024 13:08:34] "GET / HTTP/1.1" 404 2447
Not Found: /
[20/Sep/2024 13:08:34] "GET / HTTP/1.1" 404 2447
[20/Sep/2024 13:09:20] "GET /index HTTP/1.1" 301 0
[20/Sep/2024 13:09:20] "GET /index/ HTTP/1.1" 200 4829
[20/Sep/2024 13:09:20] "GET /data/blog-1.jpg HTTP/1.1" 200 27367
[20/Sep/2024 13:09:20] "GET /data/blog-2.jpg HTTP/1.1" 200 46354
[20/Sep/2024 13:09:21] "GET /data/blog-3.jpg HTTP/1.1" 200 46502
[20/Sep/2024 13:09:21] "GET /data/banner.jpg HTTP/1.1" 200 97510
[20/Sep/2024 13:09:21] "GET /index HTTP/1.1" 301 0
[20/Sep/2024 13:09:21] "GET /index/ HTTP/1.1" 200 4829
[20/Sep/2024 13:09:32] "GET /index HTTP/1.1" 301 0
[20/Sep/2024 13:09:32] "GET /index/ HTTP/1.1" 200 4829
[20/Sep/2024 13:09:32] "GET /out_of_stock/ HTTP/1.1" 200 3611
[20/Sep/2024 13:09:32] "GET /data/img/360_F_71268262_C86VtwNTq9yPWxoA55JUImOS925dysL1_IzHpCeC.jpg HTTP/1.1" 200 29959
[20/Sep/2024 13:09:32] "GET /data/img/fresh-pomegranate-fruit_iHfzZcC.jpg HTTP/1.1" 200 46190
[20/Sep/2024 13:09:32] "GET /index HTTP/1.1" 301 0
[20/Sep/2024 13:09:32] "GET /index/ HTTP/1.1" 200 4829
[20/Sep/2024 13:09:32] "GET /index HTTP/1.1" 301 0
[20/Sep/2024 13:09:32] "GET /index/ HTTP/1.1" 200 4829
[20/Sep/2024 13:10:23] "GET /index HTTP/1.1" 301 0
[20/Sep/2024 13:10:23] "GET /index/ HTTP/1.1" 200 4829
[20/Sep/2024 13:10:23] "GET /index HTTP/1.1" 301 0
[20/Sep/2024 13:10:23] "GET /index/ HTTP/1.1" 200 4829
[20/Sep/2024 13:10:23] "GET /index HTTP/1.1" 301 0
[20/Sep/2024 13:10:23] "GET /index/ HTTP/1.1" 200 4829
[20/Sep/2024 13:10:23] "GET /out_of_stock/ HTTP/1.1" 200 3611
[20/Sep/2024 13:10:23] "GET /index HTTP/1.1" 301 0
[20/Sep/2024 13:10:23] "GET /index/ HTTP/1.1" 200 4829
[20/Sep/2024 13:10:23] "GET /index HTTP/1.1" 301 0
[20/Sep/2024 13:10:23] "GET /index/ HTTP/1.1" 200 4829
/Users/biledimitrova/PycharmProjects/HealthyFoodShop/HealthyFoodShop/HealthyFoodApp/admin.py changed, reloading.
Performing system checks...

September 20, 2024 - 12:53:43
Django version 5.0.3, using settings 'HealthyFoodShop.settings'
Starting development server at http://127.0.0.1:8000/
Quit the server with CONTROL-C.

Watching for file changes with StatReloader
System check identified some issues:

WARNINGS:
?: (staticfiles.W004) The directory '/Users/biledimitrova/PycharmProjects/HealthyFoodShop/HealthyFoodShop/img' in the STATICFILES_DIRS setting does not exist.

System check identified 1 issue (0 silenced).
[20/Sep/2024 13:14:47] "GET /out_of_stock/ HTTP/1.1" 200 3611
[20/Sep/2024 13:14:47] "GET /out_of_stock/ HTTP/1.1" 200 3611
[20/Sep/2024 13:14:57] "GET /out_of_stock/ HTTP/1.1" 200 3611
[20/Sep/2024 13:15:07] "GET /out_of_stock/ HTTP/1.1" 200 3611
[20/Sep/2024 13:16:30] "GET /out_of_stock/ HTTP/1.1" 200 3611
[20/Sep/2024 13:16:30] "GET /out_of_stock/ HTTP/1.1" 200 3611
[20/Sep/2024 13:16:31] "GET /out_of_stock/ HTTP/1.1" 200 3611
[20/Sep/2024 13:16:41] "GET /out_of_stock/ HTTP/1.1" 200 3611
[20/Sep/2024 13:20:13] "GET /out_of_stock/ HTTP/1.1" 200 3611
[20/Sep/2024 13:20:13] "GET /out_of_stock/ HTTP/1.1" 200 3611
[20/Sep/2024 13:20:13] "GET /out_of_stock/ HTTP/1.1" 200 3611
[20/Sep/2024 13:20:14] "GET /out_of_stock/ HTTP/1.1" 200 3611
[20/Sep/2024 13:27:01] "GET /out_of_stock/ HTTP/1.1" 200 3611
[20/Sep/2024 13:27:01] "GET /out_of_stock/ HTTP/1.1" 200 3611
[20/Sep/2024 13:27:01] "GET /out_of_stock/ HTTP/1.1" 200 3611
[20/Sep/2024 13:27:01] "GET /out_of_stock/ HTTP/1.1" 200 3611
[20/Sep/2024 13:27:06] "GET /out_of_stock/ HTTP/1.1" 200 3611
[20/Sep/2024 13:27:06] "GET /data/img/fresh-pomegranate-fruit_iHfzZcC.jpg HTTP/1.1" 200 46190
[20/Sep/2024 13:27:36] "GET /out_of_stock/ HTTP/1.1" 200 3611
[20/Sep/2024 13:27:36] "GET /out_of_stock/ HTTP/1.1" 200 3611
[20/Sep/2024 13:27:36] "GET /out_of_stock/ HTTP/1.1" 200 3611
[20/Sep/2024 13:27:36] "GET /out_of_stock/ HTTP/1.1" 200 3611
[20/Sep/2024 13:27:44] "GET /out_of_stock/ HTTP/1.1" 200 3611
[20/Sep/2024 13:27:44] "GET /out_of_stock/ HTTP/1.1" 200 3611
[20/Sep/2024 13:27:44] "GET /out_of_stock/ HTTP/1.1" 200 3611
[20/Sep/2024 13:27:45] "GET /out_of_stock/ HTTP/1.1" 200 3611
[20/Sep/2024 13:28:21] "GET /out_of_stock/ HTTP/1.1" 200 3611
[20/Sep/2024 13:28:21] "GET /out_of_stock/ HTTP/1.1" 200 3611
[20/Sep/2024 13:28:21] "GET /out_of_stock/ HTTP/1.1" 200 3611
[20/Sep/2024 13:28:21] "GET /out_of_stock/ HTTP/1.1" 200 3611
[20/Sep/2024 13:28:42] "GET /out_of_stock/ HTTP/1.1" 200 3611
[20/Sep/2024 13:28:42] "GET /out_of_stock/ HTTP/1.1" 200 3611
[20/Sep/2024 13:28:42] "GET /out_of_stock/ HTTP/1.1" 200 3611
[20/Sep/2024 13:28:42] "GET /out_of_stock/ HTTP/1.1" 200 3611
[20/Sep/2024 13:28:49] "GET /out_of_stock/ HTTP/1.1" 200 3611
[20/Sep/2024 13:28:49] "GET /out_of_stock/ HTTP/1.1" 200 3611
[20/Sep/2024 13:28:49] "GET /out_of_stock/ HTTP/1.1" 200 3611
[20/Sep/2024 13:28:49] "GET /out_of_stock/ HTTP/1.1" 200 3611
[20/Sep/2024 13:29:57] "GET /out_of_stock/ HTTP/1.1" 200 3611
[20/Sep/2024 13:29:58] "GET /out_of_stock/ HTTP/1.1" 200 3611
[20/Sep/2024 13:29:58] "GET /out_of_stock/ HTTP/1.1" 200 3611
[20/Sep/2024 13:29:59] "GET /out_of_stock/ HTTP/1.1" 200 3611
[20/Sep/2024 13:32:38] "GET /index HTTP/1.1" 301 0
[20/Sep/2024 13:32:38] "GET /index/ HTTP/1.1" 200 4829
[20/Sep/2024 13:32:38] "GET /index HTTP/1.1" 301 0
[20/Sep/2024 13:32:38] "GET /index/ HTTP/1.1" 200 4829
[20/Sep/2024 13:32:39] "GET /index HTTP/1.1" 301 0
[20/Sep/2024 13:32:39] "GET /index/ HTTP/1.1" 200 4829
[20/Sep/2024 13:32:39] "GET /out_of_stock/ HTTP/1.1" 200 3611
[20/Sep/2024 13:32:39] "GET /index HTTP/1.1" 301 0
[20/Sep/2024 13:32:39] "GET /index/ HTTP/1.1" 200 4829
[20/Sep/2024 13:32:39] "GET /index HTTP/1.1" 301 0
[20/Sep/2024 13:32:39] "GET /index/ HTTP/1.1" 200 4829
[20/Sep/2024 13:32:39] "GET /index HTTP/1.1" 301 0
[20/Sep/2024 13:32:39] "GET /index/ HTTP/1.1" 200 4829
[20/Sep/2024 19:35:21] "GET /admin/login/?next=/admin/ HTTP/1.1" 302 0
[20/Sep/2024 19:35:21] "GET /admin/ HTTP/1.1" 200 7569
[20/Sep/2024 19:35:22] "GET /static/admin/css/base.css HTTP/1.1" 200 21544
[20/Sep/2024 19:35:22] "GET /static/admin/css/dashboard.css HTTP/1.1" 200 441
[20/Sep/2024 19:35:22] "GET /static/admin/js/theme.js HTTP/1.1" 200 1943
[20/Sep/2024 19:35:30] "POST /admin/logout/ HTTP/1.1" 200 3553
[20/Sep/2024 19:35:32] "GET /admin/ HTTP/1.1" 302 0
[20/Sep/2024 19:35:32] "GET /admin/login/?next=/admin/ HTTP/1.1" 200 4158
[20/Sep/2024 19:35:37] "POST /admin/login/?next=/admin/ HTTP/1.1" 302 0
[20/Sep/2024 19:35:37] "GET /admin/ HTTP/1.1" 200 7569
Watching for file changes with StatReloader
System check identified some issues:

WARNINGS:
?: (staticfiles.W004) The directory '/Users/biledimitrova/PycharmProjects/HealthyFoodShop/HealthyFoodShop/img' in the STATICFILES_DIRS setting does not exist.

System check identified 1 issue (0 silenced).
[20/Sep/2024 19:38:33] "GET /admin/login HTTP/1.1" 302 0
[20/Sep/2024 19:38:33] "GET /admin/login/?next=/admin/login HTTP/1.1" 200 4168
[20/Sep/2024 19:38:34] "GET /static/admin/css/base.css HTTP/1.1" 200 21544
[20/Sep/2024 19:38:34] "GET /static/admin/css/dark_mode.css HTTP/1.1" 200 2682
[20/Sep/2024 19:38:34] "GET /static/admin/css/nav_sidebar.css HTTP/1.1" 200 2810
[20/Sep/2024 19:38:34] "GET /static/admin/css/login.css HTTP/1.1" 200 958
[20/Sep/2024 19:38:34] "GET /static/admin/js/theme.js HTTP/1.1" 200 1943
[20/Sep/2024 19:38:34] "GET /static/admin/css/responsive.css HTTP/1.1" 200 17905
[20/Sep/2024 19:38:34] "GET /static/admin/js/nav_sidebar.js HTTP/1.1" 200 3063
[20/Sep/2024 19:38:43] "POST /admin/login/?next=/admin/login HTTP/1.1" 302 0
[20/Sep/2024 19:38:43] "GET /admin/login HTTP/1.1" 301 0
[20/Sep/2024 19:38:43] "GET /admin/login/ HTTP/1.1" 302 0
[20/Sep/2024 19:38:43] "GET /admin/ HTTP/1.1" 200 7569
[20/Sep/2024 19:38:43] "GET /static/admin/css/dashboard.css HTTP/1.1" 200 441
[20/Sep/2024 19:38:43] "GET /static/admin/img/icon-addlink.svg HTTP/1.1" 200 331
[20/Sep/2024 19:38:43] "GET /static/admin/img/icon-viewlink.svg HTTP/1.1" 200 581
[20/Sep/2024 19:38:43] "GET /static/admin/img/icon-changelink.svg HTTP/1.1" 200 380
[20/Sep/2024 19:38:43] "POST /admin/logout/ HTTP/1.1" 200 3553
[20/Sep/2024 19:39:00] "GET /admin/ HTTP/1.1" 302 0
[20/Sep/2024 19:39:00] "GET /admin/login/?next=/admin/ HTTP/1.1" 200 4158
[20/Sep/2024 19:39:06] "GET /admin/login HTTP/1.1" 302 0
[20/Sep/2024 19:39:06] "GET /admin/login/?next=/admin/login HTTP/1.1" 200 4168
[20/Sep/2024 19:40:45] "GET /admin/login HTTP/1.1" 302 0
[20/Sep/2024 19:40:45] "GET /admin/login/?next=/admin/login HTTP/1.1" 200 4168
[20/Sep/2024 19:40:51] "POST /admin/login/?next=/admin/login HTTP/1.1" 302 0
[20/Sep/2024 19:40:51] "GET /admin/login HTTP/1.1" 301 0
[20/Sep/2024 19:40:51] "GET /admin/login/ HTTP/1.1" 302 0
[20/Sep/2024 19:40:51] "GET /admin/ HTTP/1.1" 200 7569
[20/Sep/2024 19:42:38] "GET /admin/login HTTP/1.1" 302 0
[20/Sep/2024 19:42:38] "GET /admin/login/?next=/admin/login HTTP/1.1" 200 4168
[20/Sep/2024 19:42:39] "POST /admin/login/?next=/admin/login HTTP/1.1" 302 0
[20/Sep/2024 19:42:39] "GET /admin/login HTTP/1.1" 301 0
[20/Sep/2024 19:42:39] "GET /admin/login/ HTTP/1.1" 302 0
[20/Sep/2024 19:42:39] "GET /admin/ HTTP/1.1" 200 7569
Forbidden (CSRF token from POST incorrect.): /admin/login/
[20/Sep/2024 19:43:04] "POST /admin/login/?next=/admin/ HTTP/1.1" 403 2517
[20/Sep/2024 19:43:08] "GET /admin/login/?next=/admin/ HTTP/1.1" 302 0
[20/Sep/2024 19:43:08] "GET /admin/ HTTP/1.1" 200 7569
[20/Sep/2024 19:43:19] "GET /admin/login HTTP/1.1" 302 0
[20/Sep/2024 19:43:19] "GET /admin/login/?next=/admin/login HTTP/1.1" 200 4168
[20/Sep/2024 19:43:19] "POST /admin/login/?next=/admin/login HTTP/1.1" 302 0
[20/Sep/2024 19:43:19] "GET /admin/login HTTP/1.1" 301 0
[20/Sep/2024 19:43:19] "GET /admin/login/ HTTP/1.1" 302 0
[20/Sep/2024 19:43:19] "GET /admin/ HTTP/1.1" 200 7569
[20/Sep/2024 19:43:47] "GET /admin/login HTTP/1.1" 302 0
[20/Sep/2024 19:43:47] "GET /admin/login/?next=/admin/login HTTP/1.1" 200 4168
[20/Sep/2024 19:43:47] "POST /admin/login/?next=/admin/login HTTP/1.1" 302 0
[20/Sep/2024 19:43:47] "GET /admin/login HTTP/1.1" 301 0
[20/Sep/2024 19:43:47] "GET /admin/login/ HTTP/1.1" 302 0
[20/Sep/2024 19:43:48] "GET /admin/ HTTP/1.1" 200 7569
[20/Sep/2024 19:52:53] "GET /admin/HealthyFoodApp/category/ HTTP/1.1" 200 9714
[20/Sep/2024 19:52:53] "GET /static/admin/css/changelists.css HTTP/1.1" 200 6811
[20/Sep/2024 19:52:53] "GET /static/admin/js/admin/RelatedObjectLookups.js HTTP/1.1" 200 9042
[20/Sep/2024 19:52:53] "GET /static/admin/js/jquery.init.js HTTP/1.1" 200 347
[20/Sep/2024 19:52:53] "GET /static/admin/js/core.js HTTP/1.1" 200 6208
[20/Sep/2024 19:52:53] "GET /admin/jsi18n/ HTTP/1.1" 200 3342
[20/Sep/2024 19:52:53] "GET /static/admin/js/actions.js HTTP/1.1" 200 8067
[20/Sep/2024 19:52:53] "GET /static/admin/js/prepopulate.js HTTP/1.1" 200 1531
[20/Sep/2024 19:52:53] "GET /static/admin/js/urlify.js HTTP/1.1" 200 7887
[20/Sep/2024 19:52:53] "GET /static/admin/js/filters.js HTTP/1.1" 200 978
[20/Sep/2024 19:52:53] "GET /static/admin/js/vendor/jquery/jquery.js HTTP/1.1" 200 285314
[20/Sep/2024 19:52:53] "GET /static/admin/js/vendor/xregexp/xregexp.js HTTP/1.1" 200 325171
[20/Sep/2024 19:52:53] "GET /static/admin/img/tooltag-add.svg HTTP/1.1" 200 331
[20/Sep/2024 19:53:49] "GET /admin/login HTTP/1.1" 302 0
[20/Sep/2024 19:53:49] "GET /admin/login/?next=/admin/login HTTP/1.1" 200 4168
[20/Sep/2024 19:53:50] "POST /admin/login/?next=/admin/login HTTP/1.1" 302 0
[20/Sep/2024 19:53:50] "GET /admin/login HTTP/1.1" 301 0
[20/Sep/2024 19:53:50] "GET /admin/login/ HTTP/1.1" 302 0
[20/Sep/2024 19:53:50] "GET /admin/ HTTP/1.1" 200 7569
[20/Sep/2024 19:53:50] "GET /admin/HealthyFoodApp/category/ HTTP/1.1" 302 0
[20/Sep/2024 19:53:50] "GET /admin/login/?next=/admin/HealthyFoodApp/category/ HTTP/1.1" 200 4206
[20/Sep/2024 19:54:19] "GET /admin/login HTTP/1.1" 302 0
[20/Sep/2024 19:54:19] "GET /admin/login/?next=/admin/login HTTP/1.1" 200 4168
[20/Sep/2024 19:54:20] "POST /admin/login/?next=/admin/login HTTP/1.1" 302 0
[20/Sep/2024 19:54:20] "GET /admin/login HTTP/1.1" 301 0
[20/Sep/2024 19:54:20] "GET /admin/login/ HTTP/1.1" 302 0
[20/Sep/2024 19:54:20] "GET /admin/ HTTP/1.1" 200 7569
[20/Sep/2024 19:54:20] "GET /admin/HealthyFoodApp/category/ HTTP/1.1" 302 0
[20/Sep/2024 19:54:20] "GET /admin/login/?next=/admin/HealthyFoodApp/category/ HTTP/1.1" 200 4206
[20/Sep/2024 19:55:21] "GET /admin/login HTTP/1.1" 302 0
[20/Sep/2024 19:55:21] "GET /admin/login/?next=/admin/login HTTP/1.1" 200 4168
[20/Sep/2024 19:55:22] "POST /admin/login/?next=/admin/login HTTP/1.1" 302 0
[20/Sep/2024 19:55:22] "GET /admin/login HTTP/1.1" 301 0
[20/Sep/2024 19:55:22] "GET /admin/login/ HTTP/1.1" 302 0
[20/Sep/2024 19:55:22] "GET /admin/ HTTP/1.1" 200 7569
[20/Sep/2024 19:56:05] "GET /admin/login HTTP/1.1" 302 0
[20/Sep/2024 19:56:05] "GET /admin/login/?next=/admin/login HTTP/1.1" 200 4168
[20/Sep/2024 19:56:05] "POST /admin/login/?next=/admin/login HTTP/1.1" 302 0
[20/Sep/2024 19:56:05] "GET /admin/login HTTP/1.1" 301 0
[20/Sep/2024 19:56:05] "GET /admin/login/ HTTP/1.1" 302 0
[20/Sep/2024 19:56:05] "GET /admin/ HTTP/1.1" 200 7569
[20/Sep/2024 19:56:29] "GET /admin/login HTTP/1.1" 302 0
[20/Sep/2024 19:56:29] "GET /admin/login/?next=/admin/login HTTP/1.1" 200 4168
[20/Sep/2024 19:56:29] "POST /admin/login/?next=/admin/login HTTP/1.1" 302 0
[20/Sep/2024 19:56:29] "GET /admin/login HTTP/1.1" 301 0
[20/Sep/2024 19:56:29] "GET /admin/login/ HTTP/1.1" 302 0
[20/Sep/2024 19:56:29] "GET /admin/ HTTP/1.1" 200 7569
[20/Sep/2024 19:56:29] "GET /admin/HealthyFoodApp/category/ HTTP/1.1" 302 0
[20/Sep/2024 19:56:29] "GET /admin/login/?next=/admin/HealthyFoodApp/category/ HTTP/1.1" 200 4206
[20/Sep/2024 19:56:54] "GET /admin/login HTTP/1.1" 302 0
[20/Sep/2024 19:56:54] "GET /admin/login/?next=/admin/login HTTP/1.1" 200 4168
[20/Sep/2024 19:56:55] "POST /admin/login/?next=/admin/login HTTP/1.1" 302 0
[20/Sep/2024 19:56:55] "GET /admin/login HTTP/1.1" 301 0
[20/Sep/2024 19:56:55] "GET /admin/login/ HTTP/1.1" 302 0
[20/Sep/2024 19:56:55] "GET /admin/ HTTP/1.1" 200 7569
[20/Sep/2024 19:57:12] "GET /admin/login HTTP/1.1" 302 0
[20/Sep/2024 19:57:12] "GET /admin/login/?next=/admin/login HTTP/1.1" 200 4168
[20/Sep/2024 19:57:13] "POST /admin/login/?next=/admin/login HTTP/1.1" 302 0
[20/Sep/2024 19:57:13] "GET /admin/login HTTP/1.1" 301 0
[20/Sep/2024 19:57:13] "GET /admin/login/ HTTP/1.1" 302 0
[20/Sep/2024 19:57:13] "GET /admin/ HTTP/1.1" 200 7569
[20/Sep/2024 19:57:13] "GET /admin/HealthyFoodApp/category/ HTTP/1.1" 302 0
[20/Sep/2024 19:57:13] "GET /admin/login/?next=/admin/HealthyFoodApp/category/ HTTP/1.1" 200 4206
[20/Sep/2024 19:59:35] "GET /admin/login HTTP/1.1" 302 0
[20/Sep/2024 19:59:35] "GET /admin/login/?next=/admin/login HTTP/1.1" 200 4168
[20/Sep/2024 19:59:36] "POST /admin/login/?next=/admin/login HTTP/1.1" 302 0
[20/Sep/2024 19:59:36] "GET /admin/login HTTP/1.1" 301 0
[20/Sep/2024 19:59:36] "GET /admin/login/ HTTP/1.1" 302 0
[20/Sep/2024 19:59:36] "GET /admin/ HTTP/1.1" 200 7569
[20/Sep/2024 19:59:36] "GET /admin/HealthyFoodApp/category/ HTTP/1.1" 302 0
[20/Sep/2024 19:59:36] "GET /admin/login/?next=/admin/HealthyFoodApp/category/ HTTP/1.1" 200 4206
[20/Sep/2024 20:00:07] "GET /admin/login HTTP/1.1" 302 0
[20/Sep/2024 20:00:07] "GET /admin/login/?next=/admin/login HTTP/1.1" 200 4168
[20/Sep/2024 20:00:08] "POST /admin/login/?next=/admin/login HTTP/1.1" 302 0
[20/Sep/2024 20:00:08] "GET /admin/login HTTP/1.1" 301 0
[20/Sep/2024 20:00:08] "GET /admin/login/ HTTP/1.1" 302 0
[20/Sep/2024 20:00:08] "GET /admin/ HTTP/1.1" 200 7569
[20/Sep/2024 20:00:08] "GET /admin/login HTTP/1.1" 302 0
[20/Sep/2024 20:00:08] "GET /admin/login/?next=/admin/login HTTP/1.1" 200 4168
[20/Sep/2024 20:00:09] "POST /admin/login/?next=/admin/login HTTP/1.1" 302 0
[20/Sep/2024 20:00:09] "GET /admin/login HTTP/1.1" 301 0
[20/Sep/2024 20:00:09] "GET /admin/login/ HTTP/1.1" 302 0
[20/Sep/2024 20:00:09] "GET /admin/ HTTP/1.1" 200 7569
[20/Sep/2024 20:00:09] "GET /admin/HealthyFoodApp/category/ HTTP/1.1" 200 9714
[20/Sep/2024 20:00:09] "GET /static/admin/css/changelists.css HTTP/1.1" 200 6811
[20/Sep/2024 20:00:09] "GET /admin/jsi18n/ HTTP/1.1" 200 3342
[20/Sep/2024 20:00:09] "GET /static/admin/js/jquery.init.js HTTP/1.1" 200 347
[20/Sep/2024 20:00:09] "GET /static/admin/js/core.js HTTP/1.1" 200 6208
[20/Sep/2024 20:00:09] "GET /static/admin/js/vendor/jquery/jquery.js HTTP/1.1" 200 285314
[20/Sep/2024 20:00:09] "GET /static/admin/js/admin/RelatedObjectLookups.js HTTP/1.1" 200 9042
[20/Sep/2024 20:00:09] "GET /static/admin/js/actions.js HTTP/1.1" 200 8067
[20/Sep/2024 20:00:09] "GET /static/admin/js/urlify.js HTTP/1.1" 200 7887
[20/Sep/2024 20:00:09] "GET /static/admin/js/prepopulate.js HTTP/1.1" 200 1531
[20/Sep/2024 20:00:09] "GET /static/admin/js/vendor/xregexp/xregexp.js HTTP/1.1" 200 325171
[20/Sep/2024 20:00:09] "GET /static/admin/js/filters.js HTTP/1.1" 200 978
[20/Sep/2024 20:00:09] "GET /static/admin/img/tooltag-add.svg HTTP/1.1" 200 331
[20/Sep/2024 20:00:46] "GET /admin/login HTTP/1.1" 302 0
[20/Sep/2024 20:00:46] "GET /admin/login/?next=/admin/login HTTP/1.1" 200 4168
[20/Sep/2024 20:00:47] "POST /admin/login/?next=/admin/login HTTP/1.1" 302 0
[20/Sep/2024 20:00:47] "GET /admin/login HTTP/1.1" 301 0
[20/Sep/2024 20:00:47] "GET /admin/login/ HTTP/1.1" 302 0
[20/Sep/2024 20:00:47] "GET /admin/ HTTP/1.1" 200 7569
[20/Sep/2024 20:00:47] "GET /admin/login HTTP/1.1" 302 0
[20/Sep/2024 20:00:47] "GET /admin/login/?next=/admin/login HTTP/1.1" 200 4168
[20/Sep/2024 20:00:47] "POST /admin/login/?next=/admin/login HTTP/1.1" 302 0
[20/Sep/2024 20:00:47] "GET /admin/login HTTP/1.1" 301 0
[20/Sep/2024 20:00:47] "GET /admin/login/ HTTP/1.1" 302 0
[20/Sep/2024 20:00:47] "GET /admin/ HTTP/1.1" 200 7569
[20/Sep/2024 20:00:47] "GET /admin/HealthyFoodApp/category/ HTTP/1.1" 200 9714
[20/Sep/2024 20:00:48] "GET /admin/jsi18n/ HTTP/1.1" 200 3342
[20/Sep/2024 20:00:48] "GET /admin/login HTTP/1.1" 302 0
[20/Sep/2024 20:00:48] "GET /admin/login/?next=/admin/login HTTP/1.1" 200 4168
[20/Sep/2024 20:00:48] "POST /admin/login/?next=/admin/login HTTP/1.1" 302 0
[20/Sep/2024 20:00:48] "GET /admin/login HTTP/1.1" 301 0
[20/Sep/2024 20:00:48] "GET /admin/login/ HTTP/1.1" 302 0
[20/Sep/2024 20:00:48] "GET /admin/ HTTP/1.1" 200 7569
Not Found: /admin/HealthyFoodApp/products/
[20/Sep/2024 20:00:48] "GET /admin/HealthyFoodApp/products/ HTTP/1.1" 404 5092
[20/Sep/2024 20:00:58] "GET /admin/HealthyFoodApp/ HTTP/1.1" 200 6456
[20/Sep/2024 20:00:58] "GET /static/admin/css/dashboard.css HTTP/1.1" 200 441
[20/Sep/2024 20:00:58] "GET /static/admin/img/icon-viewlink.svg HTTP/1.1" 200 581
[20/Sep/2024 20:00:58] "GET /static/admin/img/icon-changelink.svg HTTP/1.1" 200 380
[20/Sep/2024 20:00:58] "GET /static/admin/img/icon-addlink.svg HTTP/1.1" 200 331
[20/Sep/2024 20:01:00] "GET /admin/HealthyFoodApp/product/ HTTP/1.1" 200 10246
[20/Sep/2024 20:01:00] "GET /admin/jsi18n/ HTTP/1.1" 200 3342
[20/Sep/2024 20:01:13] "GET /admin/login HTTP/1.1" 302 0
[20/Sep/2024 20:01:13] "GET /admin/login/?next=/admin/login HTTP/1.1" 200 4168
[20/Sep/2024 20:01:14] "POST /admin/login/?next=/admin/login HTTP/1.1" 302 0
[20/Sep/2024 20:01:14] "GET /admin/login HTTP/1.1" 301 0
[20/Sep/2024 20:01:14] "GET /admin/login/ HTTP/1.1" 302 0
[20/Sep/2024 20:01:14] "GET /admin/ HTTP/1.1" 200 7569
[20/Sep/2024 20:01:14] "GET /admin/login HTTP/1.1" 302 0
[20/Sep/2024 20:01:14] "GET /admin/login/?next=/admin/login HTTP/1.1" 200 4168
[20/Sep/2024 20:01:15] "POST /admin/login/?next=/admin/login HTTP/1.1" 302 0
[20/Sep/2024 20:01:15] "GET /admin/login HTTP/1.1" 301 0
[20/Sep/2024 20:01:15] "GET /admin/login/ HTTP/1.1" 302 0
[20/Sep/2024 20:01:15] "GET /admin/ HTTP/1.1" 200 7569
[20/Sep/2024 20:01:15] "GET /admin/HealthyFoodApp/category/ HTTP/1.1" 200 9714
[20/Sep/2024 20:01:15] "GET /admin/jsi18n/ HTTP/1.1" 200 3342
[20/Sep/2024 20:01:15] "GET /admin/login HTTP/1.1" 302 0
[20/Sep/2024 20:01:15] "GET /admin/login/?next=/admin/login HTTP/1.1" 200 4168
[20/Sep/2024 20:01:16] "POST /admin/login/?next=/admin/login HTTP/1.1" 302 0
[20/Sep/2024 20:01:16] "GET /admin/login HTTP/1.1" 301 0
[20/Sep/2024 20:01:16] "GET /admin/login/ HTTP/1.1" 302 0
[20/Sep/2024 20:01:16] "GET /admin/ HTTP/1.1" 200 7569
[20/Sep/2024 20:01:16] "GET /admin/HealthyFoodApp/product/ HTTP/1.1" 200 10246
[20/Sep/2024 20:01:16] "GET /admin/jsi18n/ HTTP/1.1" 200 3342
[20/Sep/2024 20:01:36] "GET /admin/login HTTP/1.1" 302 0
[20/Sep/2024 20:01:36] "GET /admin/login/?next=/admin/login HTTP/1.1" 200 4168
[20/Sep/2024 20:01:37] "POST /admin/login/?next=/admin/login HTTP/1.1" 302 0
[20/Sep/2024 20:01:37] "GET /admin/login HTTP/1.1" 301 0
[20/Sep/2024 20:01:37] "GET /admin/login/ HTTP/1.1" 302 0
[20/Sep/2024 20:01:37] "GET /admin/ HTTP/1.1" 200 7569
[20/Sep/2024 20:01:37] "GET /admin/login HTTP/1.1" 302 0
[20/Sep/2024 20:01:37] "GET /admin/login/?next=/admin/login HTTP/1.1" 200 4168
[20/Sep/2024 20:01:37] "POST /admin/login/?next=/admin/login HTTP/1.1" 302 0
[20/Sep/2024 20:01:37] "GET /admin/login HTTP/1.1" 301 0
[20/Sep/2024 20:01:37] "GET /admin/login/ HTTP/1.1" 302 0
[20/Sep/2024 20:01:37] "GET /admin/ HTTP/1.1" 200 7569
[20/Sep/2024 20:01:37] "GET /admin/HealthyFoodApp/category/ HTTP/1.1" 200 9714
[20/Sep/2024 20:01:37] "GET /admin/jsi18n/ HTTP/1.1" 200 3342
[20/Sep/2024 20:01:37] "GET /admin/login HTTP/1.1" 302 0
[20/Sep/2024 20:01:37] "GET /admin/login/?next=/admin/login HTTP/1.1" 200 4168
[20/Sep/2024 20:01:38] "POST /admin/login/?next=/admin/login HTTP/1.1" 302 0
[20/Sep/2024 20:01:38] "GET /admin/login HTTP/1.1" 301 0
[20/Sep/2024 20:01:38] "GET /admin/login/ HTTP/1.1" 302 0
[20/Sep/2024 20:01:38] "GET /admin/ HTTP/1.1" 200 7569
[20/Sep/2024 20:01:38] "GET /admin/HealthyFoodApp/product/ HTTP/1.1" 200 10246
[20/Sep/2024 20:01:38] "GET /admin/jsi18n/ HTTP/1.1" 200 3342
[20/Sep/2024 20:01:41] "GET /admin/HealthyFoodApp/client/ HTTP/1.1" 200 8423
[20/Sep/2024 20:01:41] "GET /admin/jsi18n/ HTTP/1.1" 200 3342
[20/Sep/2024 20:01:56] "GET /admin/login HTTP/1.1" 302 0
[20/Sep/2024 20:01:56] "GET /admin/login/?next=/admin/login HTTP/1.1" 200 4168
[20/Sep/2024 20:01:57] "POST /admin/login/?next=/admin/login HTTP/1.1" 302 0
[20/Sep/2024 20:01:57] "GET /admin/login HTTP/1.1" 301 0
[20/Sep/2024 20:01:57] "GET /admin/login/ HTTP/1.1" 302 0
[20/Sep/2024 20:01:57] "GET /admin/ HTTP/1.1" 200 7569
[20/Sep/2024 20:01:57] "GET /admin/login HTTP/1.1" 302 0
[20/Sep/2024 20:01:57] "GET /admin/login/?next=/admin/login HTTP/1.1" 200 4168
[20/Sep/2024 20:01:57] "POST /admin/login/?next=/admin/login HTTP/1.1" 302 0
[20/Sep/2024 20:01:57] "GET /admin/login HTTP/1.1" 301 0
[20/Sep/2024 20:01:57] "GET /admin/login/ HTTP/1.1" 302 0
[20/Sep/2024 20:01:57] "GET /admin/ HTTP/1.1" 200 7569
[20/Sep/2024 20:01:58] "GET /admin/HealthyFoodApp/category/ HTTP/1.1" 200 9714
[20/Sep/2024 20:01:58] "GET /admin/jsi18n/ HTTP/1.1" 200 3342
[20/Sep/2024 20:01:58] "GET /admin/login HTTP/1.1" 302 0
[20/Sep/2024 20:01:58] "GET /admin/login/?next=/admin/login HTTP/1.1" 200 4168
[20/Sep/2024 20:01:58] "POST /admin/login/?next=/admin/login HTTP/1.1" 302 0
[20/Sep/2024 20:01:58] "GET /admin/login HTTP/1.1" 301 0
[20/Sep/2024 20:01:58] "GET /admin/login/ HTTP/1.1" 302 0
[20/Sep/2024 20:01:58] "GET /admin/ HTTP/1.1" 200 7569
[20/Sep/2024 20:01:58] "GET /admin/HealthyFoodApp/product/ HTTP/1.1" 200 10246
[20/Sep/2024 20:01:58] "GET /admin/jsi18n/ HTTP/1.1" 200 3342
[20/Sep/2024 20:01:58] "GET /admin/login HTTP/1.1" 302 0
[20/Sep/2024 20:01:58] "GET /admin/login/?next=/admin/login HTTP/1.1" 200 4168
[20/Sep/2024 20:01:59] "POST /admin/login/?next=/admin/login HTTP/1.1" 302 0
[20/Sep/2024 20:01:59] "GET /admin/login HTTP/1.1" 301 0
[20/Sep/2024 20:01:59] "GET /admin/login/ HTTP/1.1" 302 0
[20/Sep/2024 20:01:59] "GET /admin/ HTTP/1.1" 200 7569
[20/Sep/2024 20:01:59] "GET /admin/HealthyFoodApp/client/ HTTP/1.1" 200 8423
[20/Sep/2024 20:01:59] "GET /admin/jsi18n/ HTTP/1.1" 200 3342
[20/Sep/2024 20:02:11] "GET /admin/login HTTP/1.1" 302 0
[20/Sep/2024 20:02:11] "GET /admin/login/?next=/admin/login HTTP/1.1" 200 4168
[20/Sep/2024 20:02:12] "POST /admin/login/?next=/admin/login HTTP/1.1" 302 0
[20/Sep/2024 20:02:12] "GET /admin/login HTTP/1.1" 301 0
[20/Sep/2024 20:02:12] "GET /admin/login/ HTTP/1.1" 302 0
[20/Sep/2024 20:02:12] "GET /admin/ HTTP/1.1" 200 7569
[20/Sep/2024 20:02:12] "GET /admin/login HTTP/1.1" 302 0
[20/Sep/2024 20:02:12] "GET /admin/login/?next=/admin/login HTTP/1.1" 200 4168
[20/Sep/2024 20:02:12] "POST /admin/login/?next=/admin/login HTTP/1.1" 302 0
[20/Sep/2024 20:02:12] "GET /admin/login HTTP/1.1" 301 0
[20/Sep/2024 20:02:12] "GET /admin/login/ HTTP/1.1" 302 0
[20/Sep/2024 20:02:12] "GET /admin/ HTTP/1.1" 200 7569
[20/Sep/2024 20:02:12] "GET /admin/HealthyFoodApp/category/ HTTP/1.1" 200 9714
[20/Sep/2024 20:02:12] "GET /admin/jsi18n/ HTTP/1.1" 200 3342
[20/Sep/2024 20:02:13] "GET /admin/login HTTP/1.1" 302 0
[20/Sep/2024 20:02:13] "GET /admin/login/?next=/admin/login HTTP/1.1" 200 4168
[20/Sep/2024 20:02:13] "POST /admin/login/?next=/admin/login HTTP/1.1" 302 0
[20/Sep/2024 20:02:13] "GET /admin/login HTTP/1.1" 301 0
[20/Sep/2024 20:02:13] "GET /admin/login/ HTTP/1.1" 302 0
[20/Sep/2024 20:02:13] "GET /admin/ HTTP/1.1" 200 7569
[20/Sep/2024 20:02:13] "GET /admin/HealthyFoodApp/product/ HTTP/1.1" 200 10246
[20/Sep/2024 20:02:13] "GET /admin/jsi18n/ HTTP/1.1" 200 3342
[20/Sep/2024 20:02:13] "GET /admin/login HTTP/1.1" 302 0
[20/Sep/2024 20:02:13] "GET /admin/login/?next=/admin/login HTTP/1.1" 200 4168
[20/Sep/2024 20:02:14] "GET /admin/HealthyFoodApp/ HTTP/1.1" 200 6456
[20/Sep/2024 20:02:14] "POST /admin/login/?next=/admin/login HTTP/1.1" 302 0
[20/Sep/2024 20:02:14] "GET /admin/login HTTP/1.1" 301 0
[20/Sep/2024 20:02:14] "GET /admin/login/ HTTP/1.1" 302 0
[20/Sep/2024 20:02:14] "GET /admin/ HTTP/1.1" 200 7569
[20/Sep/2024 20:02:14] "GET /admin/HealthyFoodApp/client/ HTTP/1.1" 200 8423
[20/Sep/2024 20:02:14] "GET /admin/jsi18n/ HTTP/1.1" 200 3342
[20/Sep/2024 20:02:16] "GET /admin/HealthyFoodApp/sale/ HTTP/1.1" 200 8409
[20/Sep/2024 20:02:16] "GET /admin/jsi18n/ HTTP/1.1" 200 3342
[20/Sep/2024 20:02:29] "GET /admin/login HTTP/1.1" 302 0
[20/Sep/2024 20:02:29] "GET /admin/login/?next=/admin/login HTTP/1.1" 200 4168
[20/Sep/2024 20:02:30] "POST /admin/login/?next=/admin/login HTTP/1.1" 302 0
[20/Sep/2024 20:02:30] "GET /admin/login HTTP/1.1" 301 0
[20/Sep/2024 20:02:30] "GET /admin/login/ HTTP/1.1" 302 0
[20/Sep/2024 20:02:30] "GET /admin/ HTTP/1.1" 200 7569
[20/Sep/2024 20:02:30] "GET /admin/login HTTP/1.1" 302 0
[20/Sep/2024 20:02:30] "GET /admin/login/?next=/admin/login HTTP/1.1" 200 4168
[20/Sep/2024 20:02:31] "POST /admin/login/?next=/admin/login HTTP/1.1" 302 0
[20/Sep/2024 20:02:31] "GET /admin/login HTTP/1.1" 301 0
[20/Sep/2024 20:02:31] "GET /admin/login/ HTTP/1.1" 302 0
[20/Sep/2024 20:02:31] "GET /admin/ HTTP/1.1" 200 7569
[20/Sep/2024 20:02:31] "GET /admin/HealthyFoodApp/category/ HTTP/1.1" 200 9714
[20/Sep/2024 20:02:31] "GET /admin/jsi18n/ HTTP/1.1" 200 3342
[20/Sep/2024 20:02:31] "GET /admin/login HTTP/1.1" 302 0
[20/Sep/2024 20:02:31] "GET /admin/login/?next=/admin/login HTTP/1.1" 200 4168
[20/Sep/2024 20:02:32] "POST /admin/login/?next=/admin/login HTTP/1.1" 302 0
[20/Sep/2024 20:02:32] "GET /admin/login HTTP/1.1" 301 0
[20/Sep/2024 20:02:32] "GET /admin/login/ HTTP/1.1" 302 0
[20/Sep/2024 20:02:32] "GET /admin/ HTTP/1.1" 200 7569
[20/Sep/2024 20:02:32] "GET /admin/HealthyFoodApp/product/ HTTP/1.1" 200 10246
[20/Sep/2024 20:02:32] "GET /admin/jsi18n/ HTTP/1.1" 200 3342
[20/Sep/2024 20:02:32] "GET /admin/login HTTP/1.1" 302 0
[20/Sep/2024 20:02:32] "GET /admin/login/?next=/admin/login HTTP/1.1" 200 4168
[20/Sep/2024 20:02:32] "POST /admin/login/?next=/admin/login HTTP/1.1" 302 0
[20/Sep/2024 20:02:32] "GET /admin/login HTTP/1.1" 301 0
[20/Sep/2024 20:02:32] "GET /admin/login/ HTTP/1.1" 302 0
[20/Sep/2024 20:02:32] "GET /admin/ HTTP/1.1" 200 7569
[20/Sep/2024 20:02:32] "GET /admin/HealthyFoodApp/client/ HTTP/1.1" 200 8423
[20/Sep/2024 20:02:32] "GET /admin/jsi18n/ HTTP/1.1" 200 3342
[20/Sep/2024 20:02:33] "GET /admin/login HTTP/1.1" 302 0
[20/Sep/2024 20:02:33] "GET /admin/login/?next=/admin/login HTTP/1.1" 200 4168
[20/Sep/2024 20:02:33] "POST /admin/login/?next=/admin/login HTTP/1.1" 302 0
[20/Sep/2024 20:02:33] "GET /admin/login HTTP/1.1" 301 0
[20/Sep/2024 20:02:33] "GET /admin/login/ HTTP/1.1" 302 0
[20/Sep/2024 20:02:33] "GET /admin/ HTTP/1.1" 200 7569
[20/Sep/2024 20:02:33] "GET /admin/HealthyFoodApp/sale/ HTTP/1.1" 200 8409
[20/Sep/2024 20:02:33] "GET /admin/jsi18n/ HTTP/1.1" 200 3342
[20/Sep/2024 20:02:53] "GET /admin/login HTTP/1.1" 302 0
[20/Sep/2024 20:02:53] "GET /admin/login/?next=/admin/login HTTP/1.1" 200 4168
[20/Sep/2024 20:02:54] "POST /admin/login/?next=/admin/login HTTP/1.1" 302 0
[20/Sep/2024 20:02:54] "GET /admin/login HTTP/1.1" 301 0
[20/Sep/2024 20:02:54] "GET /admin/login/ HTTP/1.1" 302 0
[20/Sep/2024 20:02:54] "GET /admin/ HTTP/1.1" 200 7569
[20/Sep/2024 20:02:54] "GET /admin/login HTTP/1.1" 302 0
[20/Sep/2024 20:02:54] "GET /admin/login/?next=/admin/login HTTP/1.1" 200 4168
[20/Sep/2024 20:02:55] "POST /admin/login/?next=/admin/login HTTP/1.1" 302 0
[20/Sep/2024 20:02:55] "GET /admin/login HTTP/1.1" 301 0
[20/Sep/2024 20:02:55] "GET /admin/login/ HTTP/1.1" 302 0
[20/Sep/2024 20:02:55] "GET /admin/ HTTP/1.1" 200 7569
[20/Sep/2024 20:02:55] "GET /admin/HealthyFoodApp/category/ HTTP/1.1" 200 9714
[20/Sep/2024 20:02:55] "GET /admin/jsi18n/ HTTP/1.1" 200 3342
[20/Sep/2024 20:02:55] "GET /admin/login HTTP/1.1" 302 0
[20/Sep/2024 20:02:55] "GET /admin/login/?next=/admin/login HTTP/1.1" 200 4168
[20/Sep/2024 20:02:55] "POST /admin/login/?next=/admin/login HTTP/1.1" 302 0
[20/Sep/2024 20:02:55] "GET /admin/login HTTP/1.1" 301 0
[20/Sep/2024 20:02:55] "GET /admin/login/ HTTP/1.1" 302 0
[20/Sep/2024 20:02:55] "GET /admin/ HTTP/1.1" 200 7569
[20/Sep/2024 20:02:55] "GET /admin/HealthyFoodApp/product/ HTTP/1.1" 200 10246
[20/Sep/2024 20:02:55] "GET /admin/jsi18n/ HTTP/1.1" 200 3342
[20/Sep/2024 20:02:56] "GET /admin/login HTTP/1.1" 302 0
[20/Sep/2024 20:02:56] "GET /admin/login/?next=/admin/login HTTP/1.1" 200 4168
[20/Sep/2024 20:02:56] "POST /admin/login/?next=/admin/login HTTP/1.1" 302 0
[20/Sep/2024 20:02:56] "GET /admin/login HTTP/1.1" 301 0
[20/Sep/2024 20:02:56] "GET /admin/login/ HTTP/1.1" 302 0
[20/Sep/2024 20:02:56] "GET /admin/ HTTP/1.1" 200 7569
[20/Sep/2024 20:02:56] "GET /admin/HealthyFoodApp/client/ HTTP/1.1" 200 8423
[20/Sep/2024 20:02:56] "GET /admin/jsi18n/ HTTP/1.1" 200 3342
[20/Sep/2024 20:02:56] "GET /admin/login HTTP/1.1" 302 0
[20/Sep/2024 20:02:56] "GET /admin/login/?next=/admin/login HTTP/1.1" 200 4168
[20/Sep/2024 20:02:57] "POST /admin/login/?next=/admin/login HTTP/1.1" 302 0
[20/Sep/2024 20:02:57] "GET /admin/login HTTP/1.1" 301 0
[20/Sep/2024 20:02:57] "GET /admin/login/ HTTP/1.1" 302 0
[20/Sep/2024 20:02:57] "GET /admin/ HTTP/1.1" 200 7569
[20/Sep/2024 20:02:57] "GET /admin/HealthyFoodApp/sale/ HTTP/1.1" 200 8409
[20/Sep/2024 20:02:57] "GET /admin/jsi18n/ HTTP/1.1" 200 3342
Watching for file changes with StatReloader
System check identified some issues:

WARNINGS:
?: (staticfiles.W004) The directory '/Users/biledimitrova/PycharmProjects/HealthyFoodShop/HealthyFoodShop/img' in the STATICFILES_DIRS setting does not exist.

System check identified 1 issue (0 silenced).
[20/Sep/2024 20:22:39] "GET /admin/login HTTP/1.1" 302 0
[20/Sep/2024 20:22:39] "GET /admin/login/?next=/admin/login HTTP/1.1" 200 4168
[20/Sep/2024 20:22:39] "GET /static/admin/css/base.css HTTP/1.1" 200 21544
[20/Sep/2024 20:22:39] "GET /static/admin/css/nav_sidebar.css HTTP/1.1" 200 2810
[20/Sep/2024 20:22:39] "GET /static/admin/js/theme.js HTTP/1.1" 200 1943
[20/Sep/2024 20:22:39] "GET /static/admin/css/login.css HTTP/1.1" 200 958
[20/Sep/2024 20:22:39] "GET /static/admin/css/dark_mode.css HTTP/1.1" 200 2682
[20/Sep/2024 20:22:39] "GET /static/admin/css/responsive.css HTTP/1.1" 200 17905
[20/Sep/2024 20:22:39] "GET /static/admin/js/nav_sidebar.js HTTP/1.1" 200 3063
[20/Sep/2024 20:22:40] "POST /admin/login/?next=/admin/login HTTP/1.1" 302 0
[20/Sep/2024 20:22:40] "GET /admin/login HTTP/1.1" 301 0
[20/Sep/2024 20:22:40] "GET /admin/login/ HTTP/1.1" 302 0
[20/Sep/2024 20:22:40] "GET /admin/ HTTP/1.1" 200 7569
[20/Sep/2024 20:22:40] "GET /static/admin/css/dashboard.css HTTP/1.1" 200 441
[20/Sep/2024 20:22:40] "GET /static/admin/img/icon-changelink.svg HTTP/1.1" 200 380
[20/Sep/2024 20:22:40] "GET /static/admin/img/icon-addlink.svg HTTP/1.1" 200 331
[20/Sep/2024 20:22:40] "GET /static/admin/img/icon-viewlink.svg HTTP/1.1" 200 581
[20/Sep/2024 20:22:40] "GET /admin/login HTTP/1.1" 302 0
[20/Sep/2024 20:22:40] "GET /admin/login/?next=/admin/login HTTP/1.1" 200 4168
[20/Sep/2024 20:22:41] "POST /admin/login/?next=/admin/login HTTP/1.1" 302 0
[20/Sep/2024 20:22:41] "GET /admin/login HTTP/1.1" 301 0
[20/Sep/2024 20:22:41] "GET /admin/login/ HTTP/1.1" 302 0
[20/Sep/2024 20:22:41] "GET /admin/ HTTP/1.1" 200 7569
[20/Sep/2024 20:22:41] "GET /admin/HealthyFoodApp/category/ HTTP/1.1" 200 9714
[20/Sep/2024 20:22:41] "GET /static/admin/css/changelists.css HTTP/1.1" 200 6811
[20/Sep/2024 20:22:41] "GET /static/admin/js/jquery.init.js HTTP/1.1" 200 347
[20/Sep/2024 20:22:41] "GET /static/admin/js/core.js HTTP/1.1" 200 6208
[20/Sep/2024 20:22:41] "GET /admin/jsi18n/ HTTP/1.1" 200 3342
[20/Sep/2024 20:22:41] "GET /static/admin/js/admin/RelatedObjectLookups.js HTTP/1.1" 200 9042
[20/Sep/2024 20:22:41] "GET /static/admin/js/vendor/jquery/jquery.js HTTP/1.1" 200 285314
[20/Sep/2024 20:22:41] "GET /static/admin/js/actions.js HTTP/1.1" 200 8067
[20/Sep/2024 20:22:41] "GET /static/admin/js/urlify.js HTTP/1.1" 200 7887
[20/Sep/2024 20:22:41] "GET /static/admin/js/prepopulate.js HTTP/1.1" 200 1531
[20/Sep/2024 20:22:41] "GET /static/admin/js/vendor/xregexp/xregexp.js HTTP/1.1" 200 325171
[20/Sep/2024 20:22:41] "GET /static/admin/js/filters.js HTTP/1.1" 200 978
[20/Sep/2024 20:22:41] "GET /static/admin/img/tooltag-add.svg HTTP/1.1" 200 331
[20/Sep/2024 20:22:41] "GET /admin/login HTTP/1.1" 302 0
[20/Sep/2024 20:22:41] "GET /admin/login/?next=/admin/login HTTP/1.1" 200 4168
Not Found: /__/fonts/FiraCode-VF.woff2
[20/Sep/2024 20:22:42] "GET /__/fonts/FiraCode-VF.woff2 HTTP/1.1" 404 2543
[20/Sep/2024 20:22:42] "POST /admin/login/?next=/admin/login HTTP/1.1" 302 0
[20/Sep/2024 20:22:42] "GET /admin/login HTTP/1.1" 301 0
[20/Sep/2024 20:22:42] "GET /admin/login/ HTTP/1.1" 302 0
[20/Sep/2024 20:22:42] "GET /admin/ HTTP/1.1" 200 7569
[20/Sep/2024 20:22:42] "GET /admin/HealthyFoodApp/product/ HTTP/1.1" 200 10246
[20/Sep/2024 20:22:42] "GET /admin/jsi18n/ HTTP/1.1" 200 3342
[20/Sep/2024 20:22:42] "GET /admin/login HTTP/1.1" 302 0
[20/Sep/2024 20:22:42] "GET /admin/login/?next=/admin/login HTTP/1.1" 200 4168
[20/Sep/2024 20:22:43] "POST /admin/login/?next=/admin/login HTTP/1.1" 302 0
[20/Sep/2024 20:22:43] "GET /admin/login HTTP/1.1" 301 0
[20/Sep/2024 20:22:43] "GET /admin/login/ HTTP/1.1" 302 0
[20/Sep/2024 20:22:43] "GET /admin/ HTTP/1.1" 200 7569
[20/Sep/2024 20:22:43] "GET /admin/HealthyFoodApp/client/ HTTP/1.1" 200 8423
[20/Sep/2024 20:22:43] "GET /admin/jsi18n/ HTTP/1.1" 200 3342
[20/Sep/2024 20:22:43] "GET /admin/login HTTP/1.1" 302 0
[20/Sep/2024 20:22:43] "GET /admin/login/?next=/admin/login HTTP/1.1" 200 4168
[20/Sep/2024 20:22:43] "POST /admin/login/?next=/admin/login HTTP/1.1" 302 0
[20/Sep/2024 20:22:43] "GET /admin/login HTTP/1.1" 301 0
[20/Sep/2024 20:22:43] "GET /admin/login/ HTTP/1.1" 302 0
[20/Sep/2024 20:22:43] "GET /admin/ HTTP/1.1" 200 7569
[20/Sep/2024 20:22:43] "GET /admin/HealthyFoodApp/sale/ HTTP/1.1" 200 8409
[20/Sep/2024 20:22:43] "GET /admin/jsi18n/ HTTP/1.1" 200 3342
Not Found: /__coverage__
[20/Sep/2024 20:22:44] "GET /__coverage__ HTTP/1.1" 404 2501
[20/Sep/2024 20:22:50] "GET /index HTTP/1.1" 301 0
[20/Sep/2024 20:22:50] "GET /index/ HTTP/1.1" 200 4829
[20/Sep/2024 20:22:50] "GET /data/blog-1.jpg HTTP/1.1" 200 27367
[20/Sep/2024 20:22:50] "GET /data/blog-2.jpg HTTP/1.1" 200 46354
[20/Sep/2024 20:22:50] "GET /data/blog-3.jpg HTTP/1.1" 200 46502
[20/Sep/2024 20:22:50] "GET /data/banner.jpg HTTP/1.1" 200 97510
[20/Sep/2024 20:22:50] "GET /index HTTP/1.1" 301 0
[20/Sep/2024 20:22:50] "GET /index/ HTTP/1.1" 200 4829
[20/Sep/2024 20:22:51] "GET /index HTTP/1.1" 301 0
[20/Sep/2024 20:22:51] "GET /index/ HTTP/1.1" 200 4829
[20/Sep/2024 20:22:51] "GET /out_of_stock/ HTTP/1.1" 200 3611
[20/Sep/2024 20:22:51] "GET /data/img/360_F_71268262_C86VtwNTq9yPWxoA55JUImOS925dysL1_IzHpCeC.jpg HTTP/1.1" 200 29959
[20/Sep/2024 20:22:51] "GET /data/img/fresh-pomegranate-fruit_iHfzZcC.jpg HTTP/1.1" 200 46190
[20/Sep/2024 20:22:51] "GET /index HTTP/1.1" 301 0
[20/Sep/2024 20:22:51] "GET /index/ HTTP/1.1" 200 4829
[20/Sep/2024 20:22:51] "GET /index HTTP/1.1" 301 0
[20/Sep/2024 20:22:51] "GET /index/ HTTP/1.1" 200 4829
[20/Sep/2024 20:22:51] "GET /index HTTP/1.1" 301 0
[20/Sep/2024 20:22:51] "GET /index/ HTTP/1.1" 200 4829
Not Found: /__coverage__
[20/Sep/2024 20:22:51] "GET /__coverage__ HTTP/1.1" 404 2501
[20/Sep/2024 20:22:53] "GET /out_of_stock/ HTTP/1.1" 200 3611
[20/Sep/2024 20:22:53] "GET /out_of_stock/ HTTP/1.1" 200 3611
[20/Sep/2024 20:22:53] "GET /out_of_stock/ HTTP/1.1" 200 3611
[20/Sep/2024 20:22:54] "GET /out_of_stock/ HTTP/1.1" 200 3611
Not Found: /__coverage__
[20/Sep/2024 20:22:54] "GET /__coverage__ HTTP/1.1" 404 2501
[20/Sep/2024 20:27:34] "GET /index HTTP/1.1" 301 0
[20/Sep/2024 20:27:34] "GET /index/ HTTP/1.1" 200 4829
[20/Sep/2024 20:27:34] "GET /data/blog-1.jpg HTTP/1.1" 200 27367
[20/Sep/2024 20:27:34] "GET /data/blog-2.jpg HTTP/1.1" 200 46354
[20/Sep/2024 20:27:34] "GET /data/blog-3.jpg HTTP/1.1" 200 46502
[20/Sep/2024 20:27:34] "GET /data/banner.jpg HTTP/1.1" 200 97510
[20/Sep/2024 20:27:35] "GET /index HTTP/1.1" 301 0
[20/Sep/2024 20:27:35] "GET /index/ HTTP/1.1" 200 4829
[20/Sep/2024 20:27:35] "GET /index HTTP/1.1" 301 0
[20/Sep/2024 20:27:35] "GET /index/ HTTP/1.1" 200 4829
[20/Sep/2024 20:27:35] "GET /out_of_stock/ HTTP/1.1" 200 3611
[20/Sep/2024 20:27:35] "GET /data/img/360_F_71268262_C86VtwNTq9yPWxoA55JUImOS925dysL1_IzHpCeC.jpg HTTP/1.1" 200 29959
[20/Sep/2024 20:27:35] "GET /data/img/fresh-pomegranate-fruit_iHfzZcC.jpg HTTP/1.1" 200 46190
[20/Sep/2024 20:27:35] "GET /index HTTP/1.1" 301 0
[20/Sep/2024 20:27:35] "GET /index/ HTTP/1.1" 200 4829
[20/Sep/2024 20:27:35] "GET /index HTTP/1.1" 301 0
[20/Sep/2024 20:27:35] "GET /index/ HTTP/1.1" 200 4829
[20/Sep/2024 20:27:35] "GET /index HTTP/1.1" 301 0
[20/Sep/2024 20:27:35] "GET /index/ HTTP/1.1" 200 4829
Not Found: /__coverage__
[20/Sep/2024 20:27:35] "GET /__coverage__ HTTP/1.1" 404 2501
Not Found: /__/fonts/FiraCode-VF.woff2
[20/Sep/2024 20:27:36] "GET /__/fonts/FiraCode-VF.woff2 HTTP/1.1" 404 2543
[20/Sep/2024 20:32:01] "GET /index HTTP/1.1" 301 0
[20/Sep/2024 20:32:01] "GET /index/ HTTP/1.1" 200 4829
[20/Sep/2024 20:32:01] "GET /index HTTP/1.1" 301 0
[20/Sep/2024 20:32:01] "GET /index/ HTTP/1.1" 200 4829
[20/Sep/2024 20:32:01] "GET /index HTTP/1.1" 301 0
[20/Sep/2024 20:32:01] "GET /index/ HTTP/1.1" 200 4829
[20/Sep/2024 20:32:01] "GET /out_of_stock/ HTTP/1.1" 200 3611
[20/Sep/2024 20:32:01] "GET /index HTTP/1.1" 301 0
[20/Sep/2024 20:32:01] "GET /index/ HTTP/1.1" 200 4829
[20/Sep/2024 20:32:01] "GET /index HTTP/1.1" 301 0
[20/Sep/2024 20:32:01] "GET /index/ HTTP/1.1" 200 4829
[20/Sep/2024 20:32:01] "GET /index HTTP/1.1" 301 0
[20/Sep/2024 20:32:01] "GET /index/ HTTP/1.1" 200 4829
Not Found: /__coverage__
[20/Sep/2024 20:32:01] "GET /__coverage__ HTTP/1.1" 404 2501
[20/Sep/2024 20:32:43] "GET /index HTTP/1.1" 301 0
[20/Sep/2024 20:32:43] "GET /index/ HTTP/1.1" 200 4829
[20/Sep/2024 20:32:43] "GET /index HTTP/1.1" 301 0
[20/Sep/2024 20:32:43] "GET /index/ HTTP/1.1" 200 4829
[20/Sep/2024 20:32:44] "GET /index HTTP/1.1" 301 0
[20/Sep/2024 20:32:44] "GET /index/ HTTP/1.1" 200 4829
[20/Sep/2024 20:32:44] "GET /out_of_stock/ HTTP/1.1" 200 3611
[20/Sep/2024 20:32:44] "GET /index HTTP/1.1" 301 0
[20/Sep/2024 20:32:44] "GET /index/ HTTP/1.1" 200 4829
[20/Sep/2024 20:32:44] "GET /index HTTP/1.1" 301 0
[20/Sep/2024 20:32:44] "GET /index/ HTTP/1.1" 200 4829
[20/Sep/2024 20:32:44] "GET /index HTTP/1.1" 301 0
[20/Sep/2024 20:32:44] "GET /index/ HTTP/1.1" 200 4829
Not Found: /__coverage__
[20/Sep/2024 20:32:44] "GET /__coverage__ HTTP/1.1" 404 2501
